Using pre-set license
Built from '2020.2/release' branch; Version is '2020.2.4f1 (becced5a802b) revision 12504301'; Using compiler version '192528614'; Build Type 'Release'
OS: 'Windows 10 Home; OS build 19041.867; Version 2004; 64bit' Language: 'he' Physical Memory: 8034 MB
BatchMode: 1, IsHumanControllingUs: 0, StartBugReporterOnCrash: 0, Is64bit: 1, IsPro: 0

 COMMAND LINE ARGUMENTS:
F:\Unity\Unity Hub\2019.4.18f1\Editor\Unity.exe
-adb2
-batchMode
-noUpm
-name
AssetImportWorker0
-projectPath
F:/Unity/Project/Project2_Sunday_Aviv2021/Unity_HW1
-logFile
Logs/AssetImportWorker0.log
-srvPort
58169
Successfully changed project path to: F:/Unity/Project/Project2_Sunday_Aviv2021/Unity_HW1
F:/Unity/Project/Project2_Sunday_Aviv2021/Unity_HW1
Using Asset Import Pipeline V2.
Refreshing native plugins compatible for Editor in 92.51 ms, found 0 plugins.
Preloading 0 native plugins for Editor in 0.00 ms.
Initialize engine version: 2020.2.4f1 (becced5a802b)
[Subsystems] Discovering subsystems at path F:/Unity/Unity Hub/2019.4.18f1/Editor/Data/Resources/UnitySubsystems
[Subsystems] Discovering subsystems at path F:/Unity/Project/Project2_Sunday_Aviv2021/Unity_HW1/Assets
GfxDevice: creating device client; threaded=0
Direct3D:
    Version:  Direct3D 11.0 [level 11.1]
    Renderer: Intel(R) UHD Graphics 620 (ID=0x3ea0)
    Vendor:   
    VRAM:     4017 MB
    Driver:   27.20.100.8935
Initialize mono
Mono path[0] = 'F:/Unity/Unity Hub/2019.4.18f1/Editor/Data/Managed'
Mono path[1] = 'F:/Unity/Unity Hub/2019.4.18f1/Editor/Data/MonoBleedingEdge/lib/mono/unityjit'
Mono config path = 'F:/Unity/Unity Hub/2019.4.18f1/Editor/Data/MonoBleedingEdge/etc'
Using monoOptions --debugger-agent=transport=dt_socket,embedding=1,server=y,suspend=n,address=127.0.0.1:56968
Begin MonoManager ReloadAssembly
Registering precompiled unity dll's ...
Register platform support module: F:/Unity/Unity Hub/2019.4.18f1/Editor/Data/PlaybackEngines/WindowsStandaloneSupport/UnityEditor.WindowsStandalone.Extensions.dll
Registered in 0.001708 seconds.
Native extension for WindowsStandalone target not found
Refreshing native plugins compatible for Editor in 39.74 ms, found 0 plugins.
Preloading 0 native plugins for Editor in 0.00 ms.
Invoked RoslynAnalysisRunner static constructor.
RoslynAnalysisRunner will not be running.
RoslynAnalysisRunner has terminated.
Mono: successfully reloaded assembly
- Completed reload, in  1.569 seconds
Platform modules already initialized, skipping
Registering precompiled user dll's ...
Registered in 0.001628 seconds.
Begin MonoManager ReloadAssembly
Native extension for WindowsStandalone target not found
Refreshing native plugins compatible for Editor in 0.30 ms, found 0 plugins.
Preloading 0 native plugins for Editor in 0.00 ms.
Invoked RoslynAnalysisRunner static constructor.
RoslynAnalysisRunner will not be running.
RoslynAnalysisRunner has terminated.
Mono: successfully reloaded assembly
- Completed reload, in  1.474 seconds
Platform modules already initialized, skipping
========================================================================
Worker process is ready to serve import requests
Launched and connected shader compiler UnityShaderCompiler.exe after 0.19 seconds
Refreshing native plugins compatible for Editor in 0.33 ms, found 0 plugins.
Preloading 0 native plugins for Editor in 0.00 ms.
Unloading 1083 Unused Serialized files (Serialized files now loaded: 0)
System memory in use before: 58.1 MB.
System memory in use after: 58.1 MB.

Unloading 9 unused Assets to reduce memory usage. Loaded Objects now: 1530.
Total: 3.054000 ms (FindLiveObjects: 0.213800 ms CreateObjectMapping: 0.067400 ms MarkObjects: 2.656600 ms  DeleteObjects: 0.114400 ms)

========================================================================
Received Import Request.
  path: Assets/Sounds
  artifactKey: Guid(4049a41bc415145499b321841bc8888a) Importer(815301076,1909f56bfc062723c751e8b465ee728b)
Start importing Assets/Sounds using Guid(4049a41bc415145499b321841bc8888a) Importer(815301076,1909f56bfc062723c751e8b465ee728b)  -> (artifact id: '11390e4fcf5784ddad8bb8bb361ddcf9') in 0.023037 seconds
  Import took 0.039632 seconds .

========================================================================
Received Import Request.
  Time since last request: 3.659289 seconds.
  path: Assets/Sounds/Western Demo Audio Assets/Piano
  artifactKey: Guid(8b3bfb77cab1449ee85a0a40e5c5ba9f) Importer(815301076,1909f56bfc062723c751e8b465ee728b)
Start importing Assets/Sounds/Western Demo Audio Assets/Piano using Guid(8b3bfb77cab1449ee85a0a40e5c5ba9f) Importer(815301076,1909f56bfc062723c751e8b465ee728b)  -> (artifact id: 'e55d1f9f3d2348c7e3097072e10b9893') in 0.006610 seconds
  Import took 0.010404 seconds .

========================================================================
Received Import Request.
  Time since last request: 0.133753 seconds.
  path: Assets/Sounds/Western Demo Audio Assets/Piano/Piano 1.wav
  artifactKey: Guid(0a7a5b85dfddd49f5ba6750610dc5f8c) Importer(815301076,1909f56bfc062723c751e8b465ee728b)
Start importing Assets/Sounds/Western Demo Audio Assets/Piano/Piano 1.wav using Guid(0a7a5b85dfddd49f5ba6750610dc5f8c) Importer(815301076,1909f56bfc062723c751e8b465ee728b)  -> (artifact id: '3eb56a541a785c0a22fbef510133fa9b') in 0.645997 seconds
  Import took 0.650436 seconds .

========================================================================
Received Import Request.
  Time since last request: 0.000487 seconds.
  path: Assets/Sounds/Western Demo Audio Assets/Piano/Piano 8.wav
  artifactKey: Guid(6ed6c3c93650347e291c17c8caa25890) Importer(815301076,1909f56bfc062723c751e8b465ee728b)
Start importing Assets/Sounds/Western Demo Audio Assets/Piano/Piano 8.wav using Guid(6ed6c3c93650347e291c17c8caa25890) Importer(815301076,1909f56bfc062723c751e8b465ee728b)  -> (artifact id: 'bcbc26929c1db07cbac5156235e18ae1') in 0.016182 seconds
  Import took 0.018853 seconds .

========================================================================
Received Import Request.
  Time since last request: 0.000419 seconds.
  path: Assets/Sounds/Western Demo Audio Assets/Piano/Piano 4.wav
  artifactKey: Guid(fe97ccb8409c84433b4d6ea632025c78) Importer(815301076,1909f56bfc062723c751e8b465ee728b)
Start importing Assets/Sounds/Western Demo Audio Assets/Piano/Piano 4.wav using Guid(fe97ccb8409c84433b4d6ea632025c78) Importer(815301076,1909f56bfc062723c751e8b465ee728b)  -> (artifact id: '4f2a34e30b77471d332bebcf8b21c13e') in 0.181810 seconds
  Import took 0.187676 seconds .

========================================================================
Received Import Request.
  Time since last request: 0.000554 seconds.
  path: Assets/Sounds/Western Demo Audio Assets/Piano/Piano 7.wav
  artifactKey: Guid(164474b906c5c452bbf98c87e3c3efb8) Importer(815301076,1909f56bfc062723c751e8b465ee728b)
Start importing Assets/Sounds/Western Demo Audio Assets/Piano/Piano 7.wav using Guid(164474b906c5c452bbf98c87e3c3efb8) Importer(815301076,1909f56bfc062723c751e8b465ee728b)  -> (artifact id: 'e1eaee1485f91211532c1295c7f48cb8') in 0.031245 seconds
  Import took 0.033976 seconds .

========================================================================
Received Import Request.
  Time since last request: 0.000671 seconds.
  path: Assets/Sounds/Western Demo Audio Assets/Piano/Piano 6.wav
  artifactKey: Guid(7f71644d726e7438e9567888f2445b24) Importer(815301076,1909f56bfc062723c751e8b465ee728b)
Start importing Assets/Sounds/Western Demo Audio Assets/Piano/Piano 6.wav using Guid(7f71644d726e7438e9567888f2445b24) Importer(815301076,1909f56bfc062723c751e8b465ee728b)  -> (artifact id: '532d443ef722884a8d0f19ead9d1a0dc') in 0.031841 seconds
  Import took 0.038079 seconds .

========================================================================
Received Import Request.
  Time since last request: 0.000406 seconds.
  path: Assets/Sounds/Western Demo Audio Assets/Piano/Piano 2.wav
  artifactKey: Guid(a7abf4a58f1af4fbc941365494ffe8d8) Importer(815301076,1909f56bfc062723c751e8b465ee728b)
Start importing Assets/Sounds/Western Demo Audio Assets/Piano/Piano 2.wav using Guid(a7abf4a58f1af4fbc941365494ffe8d8) Importer(815301076,1909f56bfc062723c751e8b465ee728b)  -> (artifact id: 'e0ad6e222ee27c8556efac275a816408') in 0.034620 seconds
  Import took 0.055142 seconds .

========================================================================
Received Import Request.
  Time since last request: 0.002082 seconds.
  path: Assets/Sounds/Western Demo Audio Assets/Piano/Piano 5.wav
  artifactKey: Guid(c3f2f8c17de3e402985ecc636ab6d42c) Importer(815301076,1909f56bfc062723c751e8b465ee728b)
Start importing Assets/Sounds/Western Demo Audio Assets/Piano/Piano 5.wav using Guid(c3f2f8c17de3e402985ecc636ab6d42c) Importer(815301076,1909f56bfc062723c751e8b465ee728b)  -> (artifact id: '2bb0de10d859b7197b125ecb38057c62') in 0.042336 seconds
  Import took 0.048982 seconds .

========================================================================
Received Import Request.
  Time since last request: 0.000348 seconds.
  path: Assets/Sounds/Western Demo Audio Assets/Piano/Piano 9.wav
  artifactKey: Guid(fc730b291933343d1ab881587cb8b1a6) Importer(815301076,1909f56bfc062723c751e8b465ee728b)
Start importing Assets/Sounds/Western Demo Audio Assets/Piano/Piano 9.wav using Guid(fc730b291933343d1ab881587cb8b1a6) Importer(815301076,1909f56bfc062723c751e8b465ee728b)  -> (artifact id: 'ec2f888f10e25828341efff4d8ddbb7a') in 0.038007 seconds
  Import took 0.057497 seconds .

========================================================================
Received Import Request.
  Time since last request: 0.000955 seconds.
  path: Assets/Sounds/Western Demo Audio Assets/Piano/Piano 3.wav
  artifactKey: Guid(455c8f13b43da462e85f60af32a95fb6) Importer(815301076,1909f56bfc062723c751e8b465ee728b)
Start importing Assets/Sounds/Western Demo Audio Assets/Piano/Piano 3.wav using Guid(455c8f13b43da462e85f60af32a95fb6) Importer(815301076,1909f56bfc062723c751e8b465ee728b)  -> (artifact id: '6492ef720b8e9b995a9e3126906a69f0') in 0.033646 seconds
  Import took 0.081828 seconds .

========================================================================
Received Import Request.
  Time since last request: 4.225943 seconds.
  path: Assets/Sounds/Western Demo Audio Assets/Objects
  artifactKey: Guid(0b0bca98415ad4fa18d5fdaf45b52647) Importer(815301076,1909f56bfc062723c751e8b465ee728b)
Start importing Assets/Sounds/Western Demo Audio Assets/Objects using Guid(0b0bca98415ad4fa18d5fdaf45b52647) Importer(815301076,1909f56bfc062723c751e8b465ee728b)  -> (artifact id: '30a29d558b6e536b0f3489f41e81f6f1') in 0.011383 seconds
  Import took 0.016066 seconds .

========================================================================
Received Import Request.
  Time since last request: 0.074895 seconds.
  path: Assets/Sounds/Western Demo Audio Assets/Objects/Bar Bump 1.wav
  artifactKey: Guid(067fff9fa110449a89d5107775c2c467) Importer(815301076,1909f56bfc062723c751e8b465ee728b)
Start importing Assets/Sounds/Western Demo Audio Assets/Objects/Bar Bump 1.wav using Guid(067fff9fa110449a89d5107775c2c467) Importer(815301076,1909f56bfc062723c751e8b465ee728b)  -> (artifact id: 'fbb6980245bcdd353c547310c867a117') in 0.025137 seconds
  Import took 0.027642 seconds .

========================================================================
Received Import Request.
  Time since last request: 0.000337 seconds.
  path: Assets/Sounds/Western Demo Audio Assets/Objects/Furniture Bump 2.wav
  artifactKey: Guid(741d5d835393446e1b82dc5c5e27a8f3) Importer(815301076,1909f56bfc062723c751e8b465ee728b)
Start importing Assets/Sounds/Western Demo Audio Assets/Objects/Furniture Bump 2.wav using Guid(741d5d835393446e1b82dc5c5e27a8f3) Importer(815301076,1909f56bfc062723c751e8b465ee728b)  -> (artifact id: '201a15ad134d27437fcd936248a4765c') in 0.031834 seconds
  Import took 0.065499 seconds .

========================================================================
Received Import Request.
  Time since last request: 0.000615 seconds.
  path: Assets/Sounds/Western Demo Audio Assets/Objects/Glass Drop 1.wav
  artifactKey: Guid(45ebaf4415c0942c6b569535228cf8dc) Importer(815301076,1909f56bfc062723c751e8b465ee728b)
Start importing Assets/Sounds/Western Demo Audio Assets/Objects/Glass Drop 1.wav using Guid(45ebaf4415c0942c6b569535228cf8dc) Importer(815301076,1909f56bfc062723c751e8b465ee728b)  -> (artifact id: '88ffe9cbe251c727b68f26fe0e8b32ac') in 0.036196 seconds
  Import took 0.066005 seconds .

========================================================================
Received Import Request.
  Time since last request: 0.000710 seconds.
  path: Assets/Sounds/Western Demo Audio Assets/Objects/Metal Cup Drop 1.wav
  artifactKey: Guid(1e4b0796170cc43a7ba72c858ab4ca2d) Importer(815301076,1909f56bfc062723c751e8b465ee728b)
Start importing Assets/Sounds/Western Demo Audio Assets/Objects/Metal Cup Drop 1.wav using Guid(1e4b0796170cc43a7ba72c858ab4ca2d) Importer(815301076,1909f56bfc062723c751e8b465ee728b)  -> (artifact id: 'b980ef08d1a5b32b0aa7d8ddee81d367') in 0.032495 seconds
  Import took 0.054919 seconds .

========================================================================
Received Import Request.
  Time since last request: 0.000607 seconds.
  path: Assets/Sounds/Western Demo Audio Assets/Objects/Paper Flap 1.wav
  artifactKey: Guid(2c41e0e4367ae4f3ba260779cf4d00e5) Importer(815301076,1909f56bfc062723c751e8b465ee728b)
Start importing Assets/Sounds/Western Demo Audio Assets/Objects/Paper Flap 1.wav using Guid(2c41e0e4367ae4f3ba260779cf4d00e5) Importer(815301076,1909f56bfc062723c751e8b465ee728b)  -> (artifact id: 'fa438906b156b42691b2968304cb59b0') in 0.031432 seconds
  Import took 0.089518 seconds .

========================================================================
Received Import Request.
  Time since last request: 0.000872 seconds.
  path: Assets/Sounds/Western Demo Audio Assets/Objects/Hat Drop.wav
  artifactKey: Guid(5b695bf26f8d54073a9e5f89b10d820f) Importer(815301076,1909f56bfc062723c751e8b465ee728b)
Start importing Assets/Sounds/Western Demo Audio Assets/Objects/Hat Drop.wav using Guid(5b695bf26f8d54073a9e5f89b10d820f) Importer(815301076,1909f56bfc062723c751e8b465ee728b)  -> (artifact id: '5dc5484025952dfa692ce8c200b862dc') in 0.023063 seconds
  Import took 0.027970 seconds .

========================================================================
Received Import Request.
  Time since last request: 0.000237 seconds.
  path: Assets/Sounds/Western Demo Audio Assets/Objects/Tumbleweed 3.wav
  artifactKey: Guid(19d900beae36741c1aa52d5b07007e89) Importer(815301076,1909f56bfc062723c751e8b465ee728b)
Start importing Assets/Sounds/Western Demo Audio Assets/Objects/Tumbleweed 3.wav using Guid(19d900beae36741c1aa52d5b07007e89) Importer(815301076,1909f56bfc062723c751e8b465ee728b)  -> (artifact id: '9c358ea23b835d2067805f1ec73470ba') in 0.033815 seconds
  Import took 0.059902 seconds .

========================================================================
Received Import Request.
  Time since last request: 0.001144 seconds.
  path: Assets/Sounds/Western Demo Audio Assets/Objects/Box Slide Open.wav
  artifactKey: Guid(c9d4883d1970f44678f04b98ddf44552) Importer(815301076,1909f56bfc062723c751e8b465ee728b)
Start importing Assets/Sounds/Western Demo Audio Assets/Objects/Box Slide Open.wav using Guid(c9d4883d1970f44678f04b98ddf44552) Importer(815301076,1909f56bfc062723c751e8b465ee728b)  -> (artifact id: '109e4703068f7df5efbedf728eb3ce15') in 0.068513 seconds
  Import took 0.072962 seconds .

========================================================================
Received Import Request.
  Time since last request: 0.000323 seconds.
  path: Assets/Sounds/Western Demo Audio Assets/Objects/Tumbleweed 2.wav
  artifactKey: Guid(2fcf574ed10f640639a120a3938457c3) Importer(815301076,1909f56bfc062723c751e8b465ee728b)
Start importing Assets/Sounds/Western Demo Audio Assets/Objects/Tumbleweed 2.wav using Guid(2fcf574ed10f640639a120a3938457c3) Importer(815301076,1909f56bfc062723c751e8b465ee728b)  -> (artifact id: 'a4320f4f711de7eeba92d55ef5647e7b') in 0.031591 seconds
  Import took 0.058905 seconds .

========================================================================
Received Import Request.
  Time since last request: 0.000919 seconds.
  path: Assets/Sounds/Western Demo Audio Assets/Objects/Tumbleweed 1.wav
  artifactKey: Guid(1984b6d3c2008496d970d19f71cc95b8) Importer(815301076,1909f56bfc062723c751e8b465ee728b)
Start importing Assets/Sounds/Western Demo Audio Assets/Objects/Tumbleweed 1.wav using Guid(1984b6d3c2008496d970d19f71cc95b8) Importer(815301076,1909f56bfc062723c751e8b465ee728b)  -> (artifact id: 'f74a5c508521e9ef88317c6f2aa2b4f9') in 0.032734 seconds
  Import took 0.036215 seconds .

========================================================================
Received Import Request.
  Time since last request: 0.000538 seconds.
  path: Assets/Sounds/Western Demo Audio Assets/Objects/Paper Flap 3.wav
  artifactKey: Guid(4160c3cd33ce44fa5964b6bc6ec7c5a1) Importer(815301076,1909f56bfc062723c751e8b465ee728b)
Start importing Assets/Sounds/Western Demo Audio Assets/Objects/Paper Flap 3.wav using Guid(4160c3cd33ce44fa5964b6bc6ec7c5a1) Importer(815301076,1909f56bfc062723c751e8b465ee728b)  -> (artifact id: 'cfb9c6e21a74b63e0d49d6a8b0bdfb0d') in 0.030747 seconds
  Import took 0.035194 seconds .

========================================================================
Received Import Request.
  Time since last request: 0.000379 seconds.
  path: Assets/Sounds/Western Demo Audio Assets/Objects/Metal Cup Pickup.wav
  artifactKey: Guid(6657aa58cfc0b4b90b20f7c5c9d67871) Importer(815301076,1909f56bfc062723c751e8b465ee728b)
Start importing Assets/Sounds/Western Demo Audio Assets/Objects/Metal Cup Pickup.wav using Guid(6657aa58cfc0b4b90b20f7c5c9d67871) Importer(815301076,1909f56bfc062723c751e8b465ee728b)  -> (artifact id: 'feb1fbc1e9e3f1cef32ed93702071cb0') in 0.031779 seconds
  Import took 0.034454 seconds .

========================================================================
Received Import Request.
  Time since last request: 0.000400 seconds.
  path: Assets/Sounds/Western Demo Audio Assets/Objects/Glass Pickup.wav
  artifactKey: Guid(71c16f39e660f4a6eb503620191f8aca) Importer(815301076,1909f56bfc062723c751e8b465ee728b)
Start importing Assets/Sounds/Western Demo Audio Assets/Objects/Glass Pickup.wav using Guid(71c16f39e660f4a6eb503620191f8aca) Importer(815301076,1909f56bfc062723c751e8b465ee728b)  -> (artifact id: '282eb319c96cae0f7173419f27dbd937') in 0.089976 seconds
  Import took 0.097993 seconds .

========================================================================
Received Import Request.
  Time since last request: 0.000461 seconds.
  path: Assets/Sounds/Western Demo Audio Assets/Objects/Wood Item Drop 3.wav
  artifactKey: Guid(ce42aa9d3313140d38949492e4da9311) Importer(815301076,1909f56bfc062723c751e8b465ee728b)
Start importing Assets/Sounds/Western Demo Audio Assets/Objects/Wood Item Drop 3.wav using Guid(ce42aa9d3313140d38949492e4da9311) Importer(815301076,1909f56bfc062723c751e8b465ee728b)  -> (artifact id: '90cb60454ddafe136d0eb01d508b7c09') in 0.029529 seconds
  Import took 0.032529 seconds .

========================================================================
Received Import Request.
  Time since last request: 0.000633 seconds.
  path: Assets/Sounds/Western Demo Audio Assets/Objects/Bar Bump 2.wav
  artifactKey: Guid(8484de1a5db0649af92c3696c88f6764) Importer(815301076,1909f56bfc062723c751e8b465ee728b)
Start importing Assets/Sounds/Western Demo Audio Assets/Objects/Bar Bump 2.wav using Guid(8484de1a5db0649af92c3696c88f6764) Importer(815301076,1909f56bfc062723c751e8b465ee728b)  -> (artifact id: '44b56a31f961392a306d2a32d1185228') in 0.033928 seconds
  Import took 0.046408 seconds .

========================================================================
Received Import Request.
  Time since last request: 0.002219 seconds.
  path: Assets/Sounds/Western Demo Audio Assets/Objects/Paper Flap 2.wav
  artifactKey: Guid(cb1a9edec8d3345dd8e530d490891cb8) Importer(815301076,1909f56bfc062723c751e8b465ee728b)
Start importing Assets/Sounds/Western Demo Audio Assets/Objects/Paper Flap 2.wav using Guid(cb1a9edec8d3345dd8e530d490891cb8) Importer(815301076,1909f56bfc062723c751e8b465ee728b)  -> (artifact id: 'a96e812823beef046659018ea54adb12') in 0.039066 seconds
  Import took 0.042713 seconds .

========================================================================
Received Import Request.
  Time since last request: 0.000665 seconds.
  path: Assets/Sounds/Western Demo Audio Assets/Objects/Glass Drop 2.wav
  artifactKey: Guid(858d6621a88f04967bd9e9ff2f7c7f8b) Importer(815301076,1909f56bfc062723c751e8b465ee728b)
Start importing Assets/Sounds/Western Demo Audio Assets/Objects/Glass Drop 2.wav using Guid(858d6621a88f04967bd9e9ff2f7c7f8b) Importer(815301076,1909f56bfc062723c751e8b465ee728b)  -> (artifact id: '9476cf7ab4ed4fd14213d0edbc74bdbd') in 0.026942 seconds
  Import took 0.030283 seconds .

========================================================================
Received Import Request.
  Time since last request: 0.001118 seconds.
  path: Assets/Sounds/Western Demo Audio Assets/Objects/Box Slide Closed.wav
  artifactKey: Guid(1b8751f3dba4b4b688db5c8cbb6c32bd) Importer(815301076,1909f56bfc062723c751e8b465ee728b)
Start importing Assets/Sounds/Western Demo Audio Assets/Objects/Box Slide Closed.wav using Guid(1b8751f3dba4b4b688db5c8cbb6c32bd) Importer(815301076,1909f56bfc062723c751e8b465ee728b)  -> (artifact id: '53a69d5d7ff7f260c9afc1fb4253d937') in 0.031462 seconds
  Import took 0.034662 seconds .

========================================================================
Received Import Request.
  Time since last request: 0.000329 seconds.
  path: Assets/Sounds/Western Demo Audio Assets/Objects/Furniture Bump 1.wav
  artifactKey: Guid(457c2fe0857104ea7ba3ef6539337b9a) Importer(815301076,1909f56bfc062723c751e8b465ee728b)
Start importing Assets/Sounds/Western Demo Audio Assets/Objects/Furniture Bump 1.wav using Guid(457c2fe0857104ea7ba3ef6539337b9a) Importer(815301076,1909f56bfc062723c751e8b465ee728b)  -> (artifact id: 'bd3a3bad538144d8a507c8fcb2645959') in 0.030619 seconds
  Import took 0.033593 seconds .

========================================================================
Received Import Request.
  Time since last request: 0.000577 seconds.
  path: Assets/Sounds/Western Demo Audio Assets/Objects/Cloth 2.wav
  artifactKey: Guid(be9a069ff677d400d9d5e072b99fa6bc) Importer(815301076,1909f56bfc062723c751e8b465ee728b)
Start importing Assets/Sounds/Western Demo Audio Assets/Objects/Cloth 2.wav using Guid(be9a069ff677d400d9d5e072b99fa6bc) Importer(815301076,1909f56bfc062723c751e8b465ee728b)  -> (artifact id: 'a66c3a43059a7c24bbcdf1c623d71daf') in 0.055188 seconds
  Import took 0.059286 seconds .

========================================================================
Received Import Request.
  Time since last request: 0.000481 seconds.
  path: Assets/Sounds/Western Demo Audio Assets/Objects/Wood Item Drop 1.wav
  artifactKey: Guid(673d7767c520a469985cb49759328145) Importer(815301076,1909f56bfc062723c751e8b465ee728b)
Start importing Assets/Sounds/Western Demo Audio Assets/Objects/Wood Item Drop 1.wav using Guid(673d7767c520a469985cb49759328145) Importer(815301076,1909f56bfc062723c751e8b465ee728b)  -> (artifact id: '0c5c377d1c1f652056980ea1803c5209') in 0.040078 seconds
  Import took 0.045010 seconds .

========================================================================
Received Import Request.
  Time since last request: 0.000314 seconds.
  path: Assets/Sounds/Western Demo Audio Assets/Objects/Wood Item Drop 2.wav
  artifactKey: Guid(9d0e2862a2e954546bd78fcf51a8ab4a) Importer(815301076,1909f56bfc062723c751e8b465ee728b)
Start importing Assets/Sounds/Western Demo Audio Assets/Objects/Wood Item Drop 2.wav using Guid(9d0e2862a2e954546bd78fcf51a8ab4a) Importer(815301076,1909f56bfc062723c751e8b465ee728b)  -> (artifact id: '4fbfe385a1f7a79fcc551fa32a19c873') in 0.056483 seconds
  Import took 0.061270 seconds .

========================================================================
Received Import Request.
  Time since last request: 0.000566 seconds.
  path: Assets/Sounds/Western Demo Audio Assets/Objects/Wood Item Pickup.wav
  artifactKey: Guid(dc363c776491547728fee7e579866e57) Importer(815301076,1909f56bfc062723c751e8b465ee728b)
Start importing Assets/Sounds/Western Demo Audio Assets/Objects/Wood Item Pickup.wav using Guid(dc363c776491547728fee7e579866e57) Importer(815301076,1909f56bfc062723c751e8b465ee728b)  -> (artifact id: 'f289fa82460790c9a19003ad08a74d4d') in 0.053535 seconds
  Import took 0.057247 seconds .

========================================================================
Received Import Request.
  Time since last request: 0.000418 seconds.
  path: Assets/Sounds/Western Demo Audio Assets/Objects/Cloth 1.wav
  artifactKey: Guid(3e45ad8c684094c01b255f97917aad47) Importer(815301076,1909f56bfc062723c751e8b465ee728b)
Start importing Assets/Sounds/Western Demo Audio Assets/Objects/Cloth 1.wav using Guid(3e45ad8c684094c01b255f97917aad47) Importer(815301076,1909f56bfc062723c751e8b465ee728b)  -> (artifact id: '7c7097fbea2a18dfe3a2164090a927ac') in 0.043208 seconds
  Import took 0.072411 seconds .

========================================================================
Received Import Request.
  Time since last request: 0.006226 seconds.
  path: Assets/Sounds/Western Demo Audio Assets/Objects/Cloth 1.wav
  artifactKey: Guid(3e45ad8c684094c01b255f97917aad47) Importer(815301076,1909f56bfc062723c751e8b465ee728b)
Start importing Assets/Sounds/Western Demo Audio Assets/Objects/Cloth 1.wav using Guid(3e45ad8c684094c01b255f97917aad47) Importer(815301076,1909f56bfc062723c751e8b465ee728b)  -> (artifact id: '7c7097fbea2a18dfe3a2164090a927ac') in 0.049926 seconds
  Import took 0.057828 seconds .

========================================================================
Received Import Request.
  Time since last request: 177.204721 seconds.
  path: Assets/Sounds/Western Demo Audio Assets/Doors
  artifactKey: Guid(48de052a6c0724074bb4e052f3da0312) Importer(815301076,1909f56bfc062723c751e8b465ee728b)
Start importing Assets/Sounds/Western Demo Audio Assets/Doors using Guid(48de052a6c0724074bb4e052f3da0312) Importer(815301076,1909f56bfc062723c751e8b465ee728b)  -> (artifact id: '5c0c56af6e1f4088f7c88f1d76d93967') in 0.008346 seconds
  Import took 0.031416 seconds .

========================================================================
Received Import Request.
  Time since last request: 0.065089 seconds.
  path: Assets/Sounds/Western Demo Audio Assets/Doors/Door Close 1.wav
  artifactKey: Guid(dee1c92d1a13f4459b070de962777e98) Importer(815301076,1909f56bfc062723c751e8b465ee728b)
Start importing Assets/Sounds/Western Demo Audio Assets/Doors/Door Close 1.wav using Guid(dee1c92d1a13f4459b070de962777e98) Importer(815301076,1909f56bfc062723c751e8b465ee728b)  -> (artifact id: '7271aef3a017605642271df6846fb9e1') in 0.027112 seconds
  Import took 0.074242 seconds .

========================================================================
Received Import Request.
  Time since last request: 0.001510 seconds.
  path: Assets/Sounds/Western Demo Audio Assets/Doors/Patio Squeak 2.wav
  artifactKey: Guid(c21fa22da4c9241d3aa1bd50e667b77d) Importer(815301076,1909f56bfc062723c751e8b465ee728b)
Start importing Assets/Sounds/Western Demo Audio Assets/Doors/Patio Squeak 2.wav using Guid(c21fa22da4c9241d3aa1bd50e667b77d) Importer(815301076,1909f56bfc062723c751e8b465ee728b)  -> (artifact id: 'd38b764f8043cd26746ebc615b735702') in 0.020733 seconds
  Import took 0.058467 seconds .

========================================================================
Received Import Request.
  Time since last request: 0.000562 seconds.
  path: Assets/Sounds/Western Demo Audio Assets/Doors/Window Open.wav
  artifactKey: Guid(be7c9a3e9bc344a01b53e963a6604874) Importer(815301076,1909f56bfc062723c751e8b465ee728b)
Start importing Assets/Sounds/Western Demo Audio Assets/Doors/Window Open.wav using Guid(be7c9a3e9bc344a01b53e963a6604874) Importer(815301076,1909f56bfc062723c751e8b465ee728b)  -> (artifact id: 'a6d955b7db87548011fc5950c2db5354') in 0.033402 seconds
  Import took 0.038054 seconds .

========================================================================
Received Import Request.
  Time since last request: 0.001046 seconds.
  path: Assets/Sounds/Western Demo Audio Assets/Doors/Window Close.wav
  artifactKey: Guid(80b31befe7ecf41079c487ce93b99ef5) Importer(815301076,1909f56bfc062723c751e8b465ee728b)
Start importing Assets/Sounds/Western Demo Audio Assets/Doors/Window Close.wav using Guid(80b31befe7ecf41079c487ce93b99ef5) Importer(815301076,1909f56bfc062723c751e8b465ee728b)  -> (artifact id: '1699c2c59a15b6a48a16fbce3aeba28e') in 0.060707 seconds
  Import took 0.068178 seconds .

========================================================================
Received Import Request.
  Time since last request: 0.001033 seconds.
  path: Assets/Sounds/Western Demo Audio Assets/Doors/Door Open 1.wav
  artifactKey: Guid(adfb477aa2d8f44f1a8f3ffc61b6ccd5) Importer(815301076,1909f56bfc062723c751e8b465ee728b)
Start importing Assets/Sounds/Western Demo Audio Assets/Doors/Door Open 1.wav using Guid(adfb477aa2d8f44f1a8f3ffc61b6ccd5) Importer(815301076,1909f56bfc062723c751e8b465ee728b)  -> (artifact id: '0eeecfc3aaeb0397102861f9c5d6741c') in 0.032656 seconds
  Import took 0.063541 seconds .

========================================================================
Received Import Request.
  Time since last request: 0.000620 seconds.
  path: Assets/Sounds/Western Demo Audio Assets/Doors/Saloon Door Squeak 2.wav
  artifactKey: Guid(56ee0053a1cef48c69071383e6ffd035) Importer(815301076,1909f56bfc062723c751e8b465ee728b)
Start importing Assets/Sounds/Western Demo Audio Assets/Doors/Saloon Door Squeak 2.wav using Guid(56ee0053a1cef48c69071383e6ffd035) Importer(815301076,1909f56bfc062723c751e8b465ee728b)  -> (artifact id: 'be1816b2ed595ac4f610a1493c99013c') in 0.030173 seconds
  Import took 0.035818 seconds .

========================================================================
Received Import Request.
  Time since last request: 0.000822 seconds.
  path: Assets/Sounds/Western Demo Audio Assets/Doors/Saloon Door 2.wav
  artifactKey: Guid(70d8166e18b6543c69cf4515dcb97da7) Importer(815301076,1909f56bfc062723c751e8b465ee728b)
Start importing Assets/Sounds/Western Demo Audio Assets/Doors/Saloon Door 2.wav using Guid(70d8166e18b6543c69cf4515dcb97da7) Importer(815301076,1909f56bfc062723c751e8b465ee728b)  -> (artifact id: 'ee63709710e6b35548a2ae0a7ddebd40') in 0.025101 seconds
  Import took 0.032766 seconds .

========================================================================
Received Import Request.
  Time since last request: 0.000369 seconds.
  path: Assets/Sounds/Western Demo Audio Assets/Doors/Patio Squeak 1.wav
  artifactKey: Guid(f35311d9f54424b50bfae30761aa9cdc) Importer(815301076,1909f56bfc062723c751e8b465ee728b)
Start importing Assets/Sounds/Western Demo Audio Assets/Doors/Patio Squeak 1.wav using Guid(f35311d9f54424b50bfae30761aa9cdc) Importer(815301076,1909f56bfc062723c751e8b465ee728b)  -> (artifact id: '9a1a097bbd9f6c1cc111d14b52b51f58') in 0.076982 seconds
  Import took 0.119866 seconds .

========================================================================
Received Import Request.
  Time since last request: 0.001842 seconds.
  path: Assets/Sounds/Western Demo Audio Assets/Doors/Patio Door 2.wav
  artifactKey: Guid(d94a42b1f29cf461e9ba55484b382e7f) Importer(815301076,1909f56bfc062723c751e8b465ee728b)
Start importing Assets/Sounds/Western Demo Audio Assets/Doors/Patio Door 2.wav using Guid(d94a42b1f29cf461e9ba55484b382e7f) Importer(815301076,1909f56bfc062723c751e8b465ee728b)  -> (artifact id: '29e12ad13226b4589c4123b1ca056265') in 0.030407 seconds
  Import took 0.036346 seconds .

========================================================================
Received Import Request.
  Time since last request: 0.000448 seconds.
  path: Assets/Sounds/Western Demo Audio Assets/Doors/Patio Door 1.wav
  artifactKey: Guid(2c25aa246dc784a29aedface4166774a) Importer(815301076,1909f56bfc062723c751e8b465ee728b)
Start importing Assets/Sounds/Western Demo Audio Assets/Doors/Patio Door 1.wav using Guid(2c25aa246dc784a29aedface4166774a) Importer(815301076,1909f56bfc062723c751e8b465ee728b)  -> (artifact id: '1bb837b2ae11c3f7d1fd0ac03cfde8bc') in 0.029371 seconds
  Import took 0.061452 seconds .

========================================================================
Received Import Request.
  Time since last request: 0.001478 seconds.
  path: Assets/Sounds/Western Demo Audio Assets/Doors/Saloon Door 3.wav
  artifactKey: Guid(6910fbf3f49c644bda55cd1da8a1af03) Importer(815301076,1909f56bfc062723c751e8b465ee728b)
Start importing Assets/Sounds/Western Demo Audio Assets/Doors/Saloon Door 3.wav using Guid(6910fbf3f49c644bda55cd1da8a1af03) Importer(815301076,1909f56bfc062723c751e8b465ee728b)  -> (artifact id: '5b37504115035b67053f6c8f4b7343b3') in 0.037613 seconds
  Import took 0.056449 seconds .

========================================================================
Received Import Request.
  Time since last request: 0.000822 seconds.
  path: Assets/Sounds/Western Demo Audio Assets/Doors/Door Open 2.wav
  artifactKey: Guid(720bdee4b7a5648d58be1aeea9435cac) Importer(815301076,1909f56bfc062723c751e8b465ee728b)
Start importing Assets/Sounds/Western Demo Audio Assets/Doors/Door Open 2.wav using Guid(720bdee4b7a5648d58be1aeea9435cac) Importer(815301076,1909f56bfc062723c751e8b465ee728b)  -> (artifact id: 'c48d66e6cc0848f58755a8988a6b5573') in 0.031737 seconds
  Import took 0.036471 seconds .

========================================================================
Received Import Request.
  Time since last request: 0.000468 seconds.
  path: Assets/Sounds/Western Demo Audio Assets/Doors/Saloon Door 1.wav
  artifactKey: Guid(8e8471130f50b44b2a034f3ecfcd1700) Importer(815301076,1909f56bfc062723c751e8b465ee728b)
Start importing Assets/Sounds/Western Demo Audio Assets/Doors/Saloon Door 1.wav using Guid(8e8471130f50b44b2a034f3ecfcd1700) Importer(815301076,1909f56bfc062723c751e8b465ee728b)  -> (artifact id: '9e5995aa0f977af0d9cf408f88309061') in 0.065416 seconds
  Import took 0.071610 seconds .

========================================================================
Received Import Request.
  Time since last request: 0.001943 seconds.
  path: Assets/Sounds/Western Demo Audio Assets/Doors/Door Open 2.wav
  artifactKey: Guid(720bdee4b7a5648d58be1aeea9435cac) Importer(815301076,1909f56bfc062723c751e8b465ee728b)
Start importing Assets/Sounds/Western Demo Audio Assets/Doors/Door Open 2.wav using Guid(720bdee4b7a5648d58be1aeea9435cac) Importer(815301076,1909f56bfc062723c751e8b465ee728b)  -> (artifact id: 'c48d66e6cc0848f58755a8988a6b5573') in 0.053353 seconds
  Import took 0.058819 seconds .

========================================================================
Received Import Request.
  Time since last request: 0.000362 seconds.
  path: Assets/Sounds/Western Demo Audio Assets/Doors/Saloon Door Squeak 1.wav
  artifactKey: Guid(53fd5fed6d4f94945ad3fba8b9cdc258) Importer(815301076,1909f56bfc062723c751e8b465ee728b)
Start importing Assets/Sounds/Western Demo Audio Assets/Doors/Saloon Door Squeak 1.wav using Guid(53fd5fed6d4f94945ad3fba8b9cdc258) Importer(815301076,1909f56bfc062723c751e8b465ee728b)  -> (artifact id: '0974ea094ceb4b0bfd47c8e7b2fcfa96') in 0.036505 seconds
  Import took 0.040586 seconds .

========================================================================
Received Import Request.
  Time since last request: 2034.437127 seconds.
  path: Assets/External Assets
  artifactKey: Guid(8d8b1c646323da64ba7b82fa00afe2f8) Importer(815301076,1909f56bfc062723c751e8b465ee728b)
Start importing Assets/External Assets using Guid(8d8b1c646323da64ba7b82fa00afe2f8) Importer(815301076,1909f56bfc062723c751e8b465ee728b)  -> (artifact id: 'a0cba9dd514ceab4f2a593ad3d8f46f9') in 0.038036 seconds
  Import took 0.088291 seconds .

========================================================================
Received Import Request.
  Time since last request: 771.590536 seconds.
  path: Assets/Sounds/Western Demo Audio Assets
  artifactKey: Guid(c76b6a0253a12ff4eb2862bd3f5cfb8b) Importer(815301076,1909f56bfc062723c751e8b465ee728b)
Start importing Assets/Sounds/Western Demo Audio Assets using Guid(c76b6a0253a12ff4eb2862bd3f5cfb8b) Importer(815301076,1909f56bfc062723c751e8b465ee728b)  -> (artifact id: 'f7fef27711d9fd800ddfaedaaae80395') in 0.014640 seconds
  Import took 0.017807 seconds .

========================================================================
Received Import Request.
  Time since last request: 369.898830 seconds.
  path: Assets/Scripts/DoorMotion.cs
  artifactKey: Guid(61ef47403f7de9545b57592f94f0c438) Importer(815301076,1909f56bfc062723c751e8b465ee728b)
Start importing Assets/Scripts/DoorMotion.cs using Guid(61ef47403f7de9545b57592f94f0c438) Importer(815301076,1909f56bfc062723c751e8b465ee728b)  -> (artifact id: 'f20cc15d80d2ed5752c0fa19b281ed1e') in 0.129409 seconds
  Import took 0.141137 seconds .

========================================================================
Received Import Request.
  Time since last request: 47.250125 seconds.
  path: Assets/Scripts/DoorMotion.cs
  artifactKey: Guid(61ef47403f7de9545b57592f94f0c438) Importer(815301076,1909f56bfc062723c751e8b465ee728b)
Start importing Assets/Scripts/DoorMotion.cs using Guid(61ef47403f7de9545b57592f94f0c438) Importer(815301076,1909f56bfc062723c751e8b465ee728b)  -> (artifact id: '4062b9e68699ad40fbae0bf89d1b017f') in 0.013192 seconds
  Import took 0.018127 seconds .

========================================================================
Received Prepare
Registering precompiled user dll's ...
Registered in 0.001361 seconds.
Begin MonoManager ReloadAssembly
Native extension for WindowsStandalone target not found
Refreshing native plugins compatible for Editor in 0.68 ms, found 0 plugins.
Preloading 0 native plugins for Editor in 0.00 ms.
Invoked RoslynAnalysisRunner static constructor.
RoslynAnalysisRunner will not be running.
RoslynAnalysisRunner has terminated.
Mono: successfully reloaded assembly
- Completed reload, in  2.184 seconds
Platform modules already initialized, skipping
Refreshing native plugins compatible for Editor in 0.38 ms, found 0 plugins.
Preloading 0 native plugins for Editor in 0.00 ms.
Unloading 1078 Unused Serialized files (Serialized files now loaded: 0)
System memory in use before: 61.6 MB.
System memory in use after: 61.4 MB.

Unloading 5 unused Assets to reduce memory usage. Loaded Objects now: 1541.
Total: 3.196400 ms (FindLiveObjects: 0.247800 ms CreateObjectMapping: 0.061400 ms MarkObjects: 2.401200 ms  DeleteObjects: 0.483600 ms)

========================================================================
Received Prepare
Registering precompiled user dll's ...
Registered in 0.002024 seconds.
Begin MonoManager ReloadAssembly
Native extension for WindowsStandalone target not found
Refreshing native plugins compatible for Editor in 0.35 ms, found 0 plugins.
Preloading 0 native plugins for Editor in 0.00 ms.
Invoked RoslynAnalysisRunner static constructor.
RoslynAnalysisRunner will not be running.
RoslynAnalysisRunner has terminated.
Mono: successfully reloaded assembly
- Completed reload, in  1.633 seconds
Platform modules already initialized, skipping
Refreshing native plugins compatible for Editor in 0.31 ms, found 0 plugins.
Preloading 0 native plugins for Editor in 0.00 ms.
Unloading 1078 Unused Serialized files (Serialized files now loaded: 0)
System memory in use before: 61.7 MB.
System memory in use after: 61.4 MB.

Unloading 5 unused Assets to reduce memory usage. Loaded Objects now: 1543.
Total: 2.398800 ms (FindLiveObjects: 0.161900 ms CreateObjectMapping: 0.039200 ms MarkObjects: 1.775400 ms  DeleteObjects: 0.421000 ms)

========================================================================
Received Prepare
Registering precompiled user dll's ...
Registered in 0.002336 seconds.
Begin MonoManager ReloadAssembly
Native extension for WindowsStandalone target not found
Refreshing native plugins compatible for Editor in 0.52 ms, found 0 plugins.
Preloading 0 native plugins for Editor in 0.00 ms.
Invoked RoslynAnalysisRunner static constructor.
RoslynAnalysisRunner will not be running.
RoslynAnalysisRunner has terminated.
Mono: successfully reloaded assembly
- Completed reload, in  1.559 seconds
Platform modules already initialized, skipping
Refreshing native plugins compatible for Editor in 0.32 ms, found 0 plugins.
Preloading 0 native plugins for Editor in 0.00 ms.
Unloading 1078 Unused Serialized files (Serialized files now loaded: 0)
System memory in use before: 61.7 MB.
System memory in use after: 61.4 MB.

Unloading 5 unused Assets to reduce memory usage. Loaded Objects now: 1545.
Total: 2.253700 ms (FindLiveObjects: 0.148500 ms CreateObjectMapping: 0.047000 ms MarkObjects: 1.655400 ms  DeleteObjects: 0.400800 ms)

========================================================================
Received Prepare
Registering precompiled user dll's ...
Registered in 0.003922 seconds.
Begin MonoManager ReloadAssembly
Native extension for WindowsStandalone target not found
Refreshing native plugins compatible for Editor in 0.58 ms, found 0 plugins.
Preloading 0 native plugins for Editor in 0.00 ms.
Invoked RoslynAnalysisRunner static constructor.
RoslynAnalysisRunner will not be running.
RoslynAnalysisRunner has terminated.
Mono: successfully reloaded assembly
- Completed reload, in  2.475 seconds
Platform modules already initialized, skipping
Refreshing native plugins compatible for Editor in 0.49 ms, found 0 plugins.
Preloading 0 native plugins for Editor in 0.00 ms.
Unloading 1078 Unused Serialized files (Serialized files now loaded: 0)
System memory in use before: 61.7 MB.
System memory in use after: 61.4 MB.

Unloading 5 unused Assets to reduce memory usage. Loaded Objects now: 1547.
Total: 7.021000 ms (FindLiveObjects: 1.116000 ms CreateObjectMapping: 0.916700 ms MarkObjects: 4.137100 ms  DeleteObjects: 0.842900 ms)

========================================================================
Received Prepare
Registering precompiled user dll's ...
Registered in 0.001180 seconds.
Begin MonoManager ReloadAssembly
Native extension for WindowsStandalone target not found
Refreshing native plugins compatible for Editor in 0.47 ms, found 0 plugins.
Preloading 0 native plugins for Editor in 0.00 ms.
Invoked RoslynAnalysisRunner static constructor.
RoslynAnalysisRunner will not be running.
RoslynAnalysisRunner has terminated.
Mono: successfully reloaded assembly
- Completed reload, in  1.322 seconds
Platform modules already initialized, skipping
Refreshing native plugins compatible for Editor in 0.30 ms, found 0 plugins.
Preloading 0 native plugins for Editor in 0.00 ms.
Unloading 1078 Unused Serialized files (Serialized files now loaded: 0)
System memory in use before: 61.7 MB.
System memory in use after: 61.4 MB.

Unloading 5 unused Assets to reduce memory usage. Loaded Objects now: 1549.
Total: 4.649200 ms (FindLiveObjects: 0.969800 ms CreateObjectMapping: 0.238400 ms MarkObjects: 3.004000 ms  DeleteObjects: 0.433500 ms)

========================================================================
Received Prepare
Registering precompiled user dll's ...
Registered in 0.001237 seconds.
Begin MonoManager ReloadAssembly
Native extension for WindowsStandalone target not found
Refreshing native plugins compatible for Editor in 1.16 ms, found 0 plugins.
Preloading 0 native plugins for Editor in 0.00 ms.
Invoked RoslynAnalysisRunner static constructor.
RoslynAnalysisRunner will not be running.
RoslynAnalysisRunner has terminated.
Mono: successfully reloaded assembly
- Completed reload, in  1.394 seconds
Platform modules already initialized, skipping
Refreshing native plugins compatible for Editor in 0.28 ms, found 0 plugins.
Preloading 0 native plugins for Editor in 0.00 ms.
Unloading 1078 Unused Serialized files (Serialized files now loaded: 0)
System memory in use before: 61.7 MB.
System memory in use after: 61.4 MB.

Unloading 5 unused Assets to reduce memory usage. Loaded Objects now: 1551.
Total: 8.062100 ms (FindLiveObjects: 1.020100 ms CreateObjectMapping: 0.384600 ms MarkObjects: 5.636600 ms  DeleteObjects: 1.013500 ms)

========================================================================
Received Prepare
Registering precompiled user dll's ...
Registered in 0.001639 seconds.
Begin MonoManager ReloadAssembly
Native extension for WindowsStandalone target not found
Refreshing native plugins compatible for Editor in 0.41 ms, found 0 plugins.
Preloading 0 native plugins for Editor in 0.00 ms.
Invoked RoslynAnalysisRunner static constructor.
RoslynAnalysisRunner will not be running.
RoslynAnalysisRunner has terminated.
Mono: successfully reloaded assembly
- Completed reload, in  1.722 seconds
Platform modules already initialized, skipping
Refreshing native plugins compatible for Editor in 0.31 ms, found 0 plugins.
Preloading 0 native plugins for Editor in 0.00 ms.
Unloading 1078 Unused Serialized files (Serialized files now loaded: 0)
System memory in use before: 61.7 MB.
System memory in use after: 61.5 MB.

Unloading 5 unused Assets to reduce memory usage. Loaded Objects now: 1553.
Total: 2.815000 ms (FindLiveObjects: 0.177000 ms CreateObjectMapping: 0.053800 ms MarkObjects: 2.115700 ms  DeleteObjects: 0.466700 ms)

========================================================================
Received Prepare
Registering precompiled user dll's ...
Registered in 0.001140 seconds.
Begin MonoManager ReloadAssembly
Native extension for WindowsStandalone target not found
Refreshing native plugins compatible for Editor in 0.32 ms, found 0 plugins.
Preloading 0 native plugins for Editor in 0.00 ms.
Invoked RoslynAnalysisRunner static constructor.
RoslynAnalysisRunner will not be running.
RoslynAnalysisRunner has terminated.
Mono: successfully reloaded assembly
- Completed reload, in  1.266 seconds
Platform modules already initialized, skipping
Refreshing native plugins compatible for Editor in 0.31 ms, found 0 plugins.
Preloading 0 native plugins for Editor in 0.00 ms.
Unloading 1078 Unused Serialized files (Serialized files now loaded: 0)
System memory in use before: 61.8 MB.
System memory in use after: 61.5 MB.

Unloading 5 unused Assets to reduce memory usage. Loaded Objects now: 1555.
Total: 2.492400 ms (FindLiveObjects: 0.178200 ms CreateObjectMapping: 0.048600 ms MarkObjects: 1.781300 ms  DeleteObjects: 0.483100 ms)

========================================================================
Received Prepare
Registering precompiled user dll's ...
Registered in 0.001214 seconds.
Begin MonoManager ReloadAssembly
Native extension for WindowsStandalone target not found
Refreshing native plugins compatible for Editor in 0.44 ms, found 0 plugins.
Preloading 0 native plugins for Editor in 0.00 ms.
Invoked RoslynAnalysisRunner static constructor.
RoslynAnalysisRunner will not be running.
RoslynAnalysisRunner has terminated.
Mono: successfully reloaded assembly
- Completed reload, in  1.336 seconds
Platform modules already initialized, skipping
Refreshing native plugins compatible for Editor in 0.26 ms, found 0 plugins.
Preloading 0 native plugins for Editor in 0.00 ms.
Unloading 1078 Unused Serialized files (Serialized files now loaded: 0)
System memory in use before: 61.8 MB.
System memory in use after: 61.5 MB.

Unloading 5 unused Assets to reduce memory usage. Loaded Objects now: 1557.
Total: 2.540300 ms (FindLiveObjects: 0.201300 ms CreateObjectMapping: 0.044100 ms MarkObjects: 1.875000 ms  DeleteObjects: 0.418800 ms)

AssetImportWorkerClient::OnTransportError - code=2 error=End of file
